# JRE version: Java(TM) SE Runtime Environment (17.0.5+9) (build 17.0.5+9-LTS-191)
# Java VM: Java HotSpot(TM) 64-Bit Server VM (17.0.5+9-LTS-191, mixed mode, sharing, tiered, compressed oops, compressed class ptrs, g1 gc, windows-amd64)
GC Precious Log:
 CPUs: 16 total, 16 available
 Memory: 16068M
 Large Page Support: Disabled
 NUMA Support: Disabled
 Compressed Oops: Enabled (Zero based)
 Heap Region Size: 2M
 Heap Min Capacity: 8M
 Heap Initial Capacity: 252M
 Heap Max Capacity: 4018M
 Pre-touch: Disabled
 Parallel Workers: 13
 Concurrent Workers: 3
 Concurrent Refinement Workers: 13
 Periodic GC: Disabled
Heap:
 garbage-first heap   total 919552K, used 856443K [0x0000000704e00000, 0x0000000800000000)
  region size 2048K, 18 young (36864K), 3 survivors (6144K)
 Metaspace       used 84138K, committed 84736K, reserved 1130496K
  class space    used 9148K, committed 9472K, reserved 1048576K
GC Heap History (20 events):
Event: 48.612 GC heap before
{Heap before GC invocations=85 (full 0):
 garbage-first heap   total 919552K, used 800300K [0x0000000704e00000, 0x0000000800000000)
  region size 2048K, 33 young (67584K), 5 survivors (10240K)
 Metaspace       used 84102K, committed 84736K, reserved 1130496K
  class space    used 9146K, committed 9472K, reserved 1048576K
}
Event: 48.619 GC heap after
{Heap after GC invocations=86 (full 0):
 garbage-first heap   total 919552K, used 756431K [0x0000000704e00000, 0x0000000800000000)
  region size 2048K, 5 young (10240K), 5 survivors (10240K)
 Metaspace       used 84102K, committed 84736K, reserved 1130496K
  class space    used 9146K, committed 9472K, reserved 1048576K
}
Event: 48.820 GC heap before
{Heap before GC invocations=86 (full 0):
 garbage-first heap   total 919552K, used 803535K [0x0000000704e00000, 0x0000000800000000)
  region size 2048K, 28 young (57344K), 5 survivors (10240K)
 Metaspace       used 84102K, committed 84736K, reserved 1130496K
  class space    used 9146K, committed 9472K, reserved 1048576K
}
Event: 48.825 GC heap after
{Heap after GC invocations=87 (full 0):
 garbage-first heap   total 919552K, used 766532K [0x0000000704e00000, 0x0000000800000000)
  region size 2048K, 4 young (8192K), 4 survivors (8192K)
 Metaspace       used 84102K, committed 84736K, reserved 1130496K
  class space    used 9146K, committed 9472K, reserved 1048576K
}
Event: 48.931 GC heap before
{Heap before GC invocations=87 (full 0):
 garbage-first heap   total 919552K, used 805444K [0x0000000704e00000, 0x0000000800000000)
  region size 2048K, 23 young (47104K), 4 survivors (8192K)
 Metaspace       used 84102K, committed 84736K, reserved 1130496K
  class space    used 9146K, committed 9472K, reserved 1048576K
}
Event: 48.936 GC heap after
{Heap after GC invocations=88 (full 0):
 garbage-first heap   total 919552K, used 774836K [0x0000000704e00000, 0x0000000800000000)
  region size 2048K, 3 young (6144K), 3 survivors (6144K)
 Metaspace       used 84102K, committed 84736K, reserved 1130496K
  class space    used 9146K, committed 9472K, reserved 1048576K
}
Event: 49.054 GC heap before
{Heap before GC invocations=88 (full 0):
 garbage-first heap   total 919552K, used 813748K [0x0000000704e00000, 0x0000000800000000)
  region size 2048K, 22 young (45056K), 3 survivors (6144K)
 Metaspace       used 84119K, committed 84736K, reserved 1130496K
  class space    used 9148K, committed 9472K, reserved 1048576K
}
Event: 49.058 GC heap after
{Heap after GC invocations=89 (full 0):
 garbage-first heap   total 919552K, used 783245K [0x0000000704e00000, 0x0000000800000000)
  region size 2048K, 3 young (6144K), 3 survivors (6144K)
 Metaspace       used 84119K, committed 84736K, reserved 1130496K
  class space    used 9148K, committed 9472K, reserved 1048576K
}
Event: 49.140 GC heap before
{Heap before GC invocations=89 (full 0):
 garbage-first heap   total 919552K, used 822157K [0x0000000704e00000, 0x0000000800000000)
  region size 2048K, 22 young (45056K), 3 survivors (6144K)
 Metaspace       used 84120K, committed 84736K, reserved 1130496K
  class space    used 9148K, committed 9472K, reserved 1048576K
}
Event: 49.144 GC heap after
{Heap after GC invocations=90 (full 0):
 garbage-first heap   total 919552K, used 790777K [0x0000000704e00000, 0x0000000800000000)
  region size 2048K, 3 young (6144K), 3 survivors (6144K)
 Metaspace       used 84120K, committed 84736K, reserved 1130496K
  class space    used 9148K, committed 9472K, reserved 1048576K
}
Event: 49.224 GC heap before
{Heap before GC invocations=90 (full 0):
 garbage-first heap   total 919552K, used 829689K [0x0000000704e00000, 0x0000000800000000)
  region size 2048K, 22 young (45056K), 3 survivors (6144K)
 Metaspace       used 84135K, committed 84736K, reserved 1130496K
  class space    used 9148K, committed 9472K, reserved 1048576K
}
Event: 49.227 GC heap after
{Heap after GC invocations=91 (full 0):
 garbage-first heap   total 919552K, used 799825K [0x0000000704e00000, 0x0000000800000000)
  region size 2048K, 3 young (6144K), 3 survivors (6144K)
 Metaspace       used 84135K, committed 84736K, reserved 1130496K
  class space    used 9148K, committed 9472K, reserved 1048576K
}
Event: 49.341 GC heap before
{Heap before GC invocations=91 (full 0):
 garbage-first heap   total 919552K, used 838737K [0x0000000704e00000, 0x0000000800000000)
  region size 2048K, 22 young (45056K), 3 survivors (6144K)
 Metaspace       used 84135K, committed 84736K, reserved 1130496K
  class space    used 9148K, committed 9472K, reserved 1048576K
}
Event: 49.345 GC heap after
{Heap after GC invocations=92 (full 0):
 garbage-first heap   total 919552K, used 811008K [0x0000000704e00000, 0x0000000800000000)
  region size 2048K, 3 young (6144K), 3 survivors (6144K)
 Metaspace       used 84135K, committed 84736K, reserved 1130496K
  class space    used 9148K, committed 9472K, reserved 1048576K
}
Event: 49.532 GC heap before
{Heap before GC invocations=92 (full 0):
 garbage-first heap   total 919552K, used 849920K [0x0000000704e00000, 0x0000000800000000)
  region size 2048K, 22 young (45056K), 3 survivors (6144K)
 Metaspace       used 84136K, committed 84736K, reserved 1130496K
  class space    used 9148K, committed 9472K, reserved 1048576K
}
Event: 49.536 GC heap after
{Heap after GC invocations=93 (full 0):
 garbage-first heap   total 919552K, used 817149K [0x0000000704e00000, 0x0000000800000000)
  region size 2048K, 3 young (6144K), 3 survivors (6144K)
 Metaspace       used 84136K, committed 84736K, reserved 1130496K
  class space    used 9148K, committed 9472K, reserved 1048576K
}
Event: 49.795 GC heap before
{Heap before GC invocations=93 (full 0):
 garbage-first heap   total 919552K, used 858109K [0x0000000704e00000, 0x0000000800000000)
  region size 2048K, 22 young (45056K), 3 survivors (6144K)
 Metaspace       used 84137K, committed 84736K, reserved 1130496K
  class space    used 9148K, committed 9472K, reserved 1048576K
}
Event: 49.799 GC heap after
{Heap after GC invocations=94 (full 0):
 garbage-first heap   total 919552K, used 823191K [0x0000000704e00000, 0x0000000800000000)
  region size 2048K, 3 young (6144K), 3 survivors (6144K)
 Metaspace       used 84137K, committed 84736K, reserved 1130496K
  class space    used 9148K, committed 9472K, reserved 1048576K
}
Event: 49.987 GC heap before
{Heap before GC invocations=94 (full 0):
 garbage-first heap   total 919552K, used 862103K [0x0000000704e00000, 0x0000000800000000)
  region size 2048K, 22 young (45056K), 3 survivors (6144K)
 Metaspace       used 84137K, committed 84736K, reserved 1130496K
  class space    used 9148K, committed 9472K, reserved 1048576K
}
Event: 49.989 GC heap after
{Heap after GC invocations=95 (full 0):
 garbage-first heap   total 919552K, used 827771K [0x0000000704e00000, 0x0000000800000000)
  region size 2048K, 3 young (6144K), 3 survivors (6144K)
 Metaspace       used 84137K, committed 84736K, reserved 1130496K
  class space    used 9148K, committed 9472K, reserved 1048576K
}

