# JRE version: OpenJDK Runtime Environment (21.0.8) (build 21.0.8+-14196175-b1038.72)
# Java VM: OpenJDK 64-Bit Server VM (21.0.8+-14196175-b1038.72, mixed mode, tiered, compressed oops, compressed class ptrs, g1 gc, windows-amd64)
GC Precious Log:
 CardTable entry size: 512
 Card Set container configuration: InlinePtr #cards 5 size 8 Array Of Cards #cards 12 size 40 Howl #buckets 4 coarsen threshold 1843 Howl Bitmap #cards 512 size 80 coarsen threshold 460 Card regions per heap region 1 cards per card region 2048
 CPUs: 16 total, 16 available
 Memory: 16068M
 Large Page Support: Disabled
 NUMA Support: Disabled
 Compressed Oops: Enabled (32-bit)
 Heap Region Size: 1M
 Heap Min Capacity: 8M
 Heap Initial Capacity: 252M
 Heap Max Capacity: 2G
 Pre-touch: Disabled
 Parallel Workers: 13
 Concurrent Workers: 3
 Concurrent Refinement Workers: 13
 Periodic GC: Disabled
Heap:
 garbage-first heap   total 230400K, used 197399K [0x0000000080000000, 0x0000000100000000)
  region size 1024K, 61 young (62464K), 7 survivors (7168K)
 Metaspace       used 91369K, committed 93440K, reserved 1179648K
  class space    used 12656K, committed 13696K, reserved 1048576K
GC Heap History (20 events):
Event: 5.317 GC heap before
{Heap before GC invocations=21 (full 0):
 garbage-first heap   total 163840K, used 144436K [0x0000000080000000, 0x0000000100000000)
  region size 1024K, 49 young (50176K), 3 survivors (3072K)
 Metaspace       used 68546K, committed 70208K, reserved 1114112K
  class space    used 9567K, committed 10368K, reserved 1048576K
}
Event: 5.319 GC heap after
{Heap after GC invocations=22 (full 0):
 garbage-first heap   total 163840K, used 100711K [0x0000000080000000, 0x0000000100000000)
  region size 1024K, 6 young (6144K), 6 survivors (6144K)
 Metaspace       used 68546K, committed 70208K, reserved 1114112K
  class space    used 9567K, committed 10368K, reserved 1048576K
}
Event: 5.795 GC heap before
{Heap before GC invocations=22 (full 0):
 garbage-first heap   total 163840K, used 148839K [0x0000000080000000, 0x0000000100000000)
  region size 1024K, 53 young (54272K), 6 survivors (6144K)
 Metaspace       used 73298K, committed 75072K, reserved 1114112K
  class space    used 10353K, committed 11200K, reserved 1048576K
}
Event: 5.798 GC heap after
{Heap after GC invocations=23 (full 0):
 garbage-first heap   total 163840K, used 102050K [0x0000000080000000, 0x0000000100000000)
  region size 1024K, 7 young (7168K), 7 survivors (7168K)
 Metaspace       used 73298K, committed 75072K, reserved 1114112K
  class space    used 10353K, committed 11200K, reserved 1048576K
}
Event: 6.219 GC heap before
{Heap before GC invocations=23 (full 0):
 garbage-first heap   total 163840K, used 146082K [0x0000000080000000, 0x0000000100000000)
  region size 1024K, 51 young (52224K), 7 survivors (7168K)
 Metaspace       used 75525K, committed 77312K, reserved 1179648K
  class space    used 10604K, committed 11456K, reserved 1048576K
}
Event: 6.223 GC heap after
{Heap after GC invocations=24 (full 0):
 garbage-first heap   total 163840K, used 106956K [0x0000000080000000, 0x0000000100000000)
  region size 1024K, 7 young (7168K), 7 survivors (7168K)
 Metaspace       used 75525K, committed 77312K, reserved 1179648K
  class space    used 10604K, committed 11456K, reserved 1048576K
}
Event: 6.382 GC heap before
{Heap before GC invocations=25 (full 0):
 garbage-first heap   total 179200K, used 144844K [0x0000000080000000, 0x0000000100000000)
  region size 1024K, 45 young (46080K), 7 survivors (7168K)
 Metaspace       used 75704K, committed 77504K, reserved 1179648K
  class space    used 10604K, committed 11456K, reserved 1048576K
}
Event: 6.384 GC heap after
{Heap after GC invocations=26 (full 0):
 garbage-first heap   total 179200K, used 109966K [0x0000000080000000, 0x0000000100000000)
  region size 1024K, 4 young (4096K), 4 survivors (4096K)
 Metaspace       used 75704K, committed 77504K, reserved 1179648K
  class space    used 10604K, committed 11456K, reserved 1048576K
}
Event: 6.820 GC heap before
{Heap before GC invocations=26 (full 0):
 garbage-first heap   total 179200K, used 161166K [0x0000000080000000, 0x0000000100000000)
  region size 1024K, 55 young (56320K), 4 survivors (4096K)
 Metaspace       used 75882K, committed 77696K, reserved 1179648K
  class space    used 10604K, committed 11456K, reserved 1048576K
}
Event: 6.822 GC heap after
{Heap after GC invocations=27 (full 0):
 garbage-first heap   total 179200K, used 111019K [0x0000000080000000, 0x0000000100000000)
  region size 1024K, 6 young (6144K), 6 survivors (6144K)
 Metaspace       used 75882K, committed 77696K, reserved 1179648K
  class space    used 10604K, committed 11456K, reserved 1048576K
}
Event: 6.919 GC heap before
{Heap before GC invocations=27 (full 0):
 garbage-first heap   total 179200K, used 161195K [0x0000000080000000, 0x0000000100000000)
  region size 1024K, 56 young (57344K), 6 survivors (6144K)
 Metaspace       used 75888K, committed 77696K, reserved 1179648K
  class space    used 10605K, committed 11456K, reserved 1048576K
}
Event: 6.922 GC heap after
{Heap after GC invocations=28 (full 0):
 garbage-first heap   total 179200K, used 112213K [0x0000000080000000, 0x0000000100000000)
  region size 1024K, 5 young (5120K), 5 survivors (5120K)
 Metaspace       used 75888K, committed 77696K, reserved 1179648K
  class space    used 10605K, committed 11456K, reserved 1048576K
}
Event: 7.017 GC heap before
{Heap before GC invocations=29 (full 0):
 garbage-first heap   total 189440K, used 161365K [0x0000000080000000, 0x0000000100000000)
  region size 1024K, 54 young (55296K), 5 survivors (5120K)
 Metaspace       used 75893K, committed 77696K, reserved 1179648K
  class space    used 10605K, committed 11456K, reserved 1048576K
}
Event: 7.018 GC heap after
{Heap after GC invocations=30 (full 0):
 garbage-first heap   total 189440K, used 113501K [0x0000000080000000, 0x0000000100000000)
  region size 1024K, 5 young (5120K), 5 survivors (5120K)
 Metaspace       used 75893K, committed 77696K, reserved 1179648K
  class space    used 10605K, committed 11456K, reserved 1048576K
}
Event: 7.580 GC heap before
{Heap before GC invocations=30 (full 0):
 garbage-first heap   total 189440K, used 187229K [0x0000000080000000, 0x0000000100000000)
  region size 1024K, 63 young (64512K), 5 survivors (5120K)
 Metaspace       used 78485K, committed 80320K, reserved 1179648K
  class space    used 10927K, committed 11840K, reserved 1048576K
}
Event: 7.584 GC heap after
{Heap after GC invocations=31 (full 0):
 garbage-first heap   total 204800K, used 135289K [0x0000000080000000, 0x0000000100000000)
  region size 1024K, 8 young (8192K), 8 survivors (8192K)
 Metaspace       used 78485K, committed 80320K, reserved 1179648K
  class space    used 10927K, committed 11840K, reserved 1048576K
}
Event: 8.130 GC heap before
{Heap before GC invocations=31 (full 0):
 garbage-first heap   total 204800K, used 182393K [0x0000000080000000, 0x0000000100000000)
  region size 1024K, 55 young (56320K), 8 survivors (8192K)
 Metaspace       used 83090K, committed 84992K, reserved 1179648K
  class space    used 11464K, committed 12416K, reserved 1048576K
}
Event: 8.133 GC heap after
{Heap after GC invocations=32 (full 0):
 garbage-first heap   total 204800K, used 137218K [0x0000000080000000, 0x0000000100000000)
  region size 1024K, 2 young (2048K), 2 survivors (2048K)
 Metaspace       used 83090K, committed 84992K, reserved 1179648K
  class space    used 11464K, committed 12416K, reserved 1048576K
}
Event: 8.587 GC heap before
{Heap before GC invocations=33 (full 0):
 garbage-first heap   total 230400K, used 191490K [0x0000000080000000, 0x0000000100000000)
  region size 1024K, 50 young (51200K), 2 survivors (2048K)
 Metaspace       used 87214K, committed 89280K, reserved 1179648K
  class space    used 12117K, committed 13120K, reserved 1048576K
}
Event: 8.589 GC heap after
{Heap after GC invocations=34 (full 0):
 garbage-first heap   total 230400K, used 143127K [0x0000000080000000, 0x0000000100000000)
  region size 1024K, 7 young (7168K), 7 survivors (7168K)
 Metaspace       used 87214K, committed 89280K, reserved 1179648K
  class space    used 12117K, committed 13120K, reserved 1048576K
}

